2025-03-28 17:48:54 | INFO  | HV000001: Hibernate Validator 8.0.2.Final
2025-03-28 17:48:55 | INFO  | Starting ApiGatewayApplicationTests using Java 22.0.2 with PID 14516 (started by hiepg in D:\Code\Big Apps\Hybrid-Blockchain-Based-Stock-Trading-Platform-with-Arbitrage-Bot\BE\API-gateway)
2025-03-28 17:48:55 | DEBUG | Running with Spring Boot v3.4.3, Spring v6.2.3
2025-03-28 17:48:55 | INFO  | The following 1 profile is active: "local"
2025-03-28 17:49:00 | TRACE | Condition GatewayAutoConfiguration.OnVerboseDisabledCondition on org.springframework.cloud.gateway.config.GatewayAutoConfiguration$GatewayActuatorConfiguration#gatewayLegacyControllerEndpoint did not match due to NoneNestedConditions 1 matched 0 did not; NestedCondition on GatewayAutoConfiguration.OnVerboseDisabledCondition.VerboseDisabled @ConditionalOnProperty (spring.cloud.gateway.actuator.verbose.enabled) matched
2025-03-28 17:49:00 | TRACE | Condition OnEnabledGlobalFilter on org.springframework.cloud.gateway.config.GatewayAutoConfiguration$NettyConfiguration#routingFilter matched
2025-03-28 17:49:00 | TRACE | Condition OnEnabledGlobalFilter on org.springframework.cloud.gateway.config.GatewayAutoConfiguration$NettyConfiguration#nettyWriteResponseFilter matched
2025-03-28 17:49:00 | TRACE | Condition OnEnabledGlobalFilter on org.springframework.cloud.gateway.config.GatewayAutoConfiguration$NettyConfiguration#reactorNettyWebSocketClient matched
2025-03-28 17:49:00 | TRACE | Condition OnEnabledGlobalFilter on org.springframework.cloud.gateway.config.GatewayAutoConfiguration$NettyConfiguration#reactorNettyRequestUpgradeStrategy matched
2025-03-28 17:49:00 | TRACE | Condition OnEnabledGlobalFilter on org.springframework.cloud.gateway.config.GatewayAutoConfiguration#adaptCachedBodyGlobalFilter matched
2025-03-28 17:49:00 | TRACE | Condition OnEnabledGlobalFilter on org.springframework.cloud.gateway.config.GatewayAutoConfiguration#removeCachedBodyFilter matched
2025-03-28 17:49:00 | TRACE | Condition OnEnabledGlobalFilter on org.springframework.cloud.gateway.config.GatewayAutoConfiguration#routeToRequestUrlFilter matched
2025-03-28 17:49:00 | TRACE | Condition OnEnabledGlobalFilter on org.springframework.cloud.gateway.config.GatewayAutoConfiguration#forwardRoutingFilter matched
2025-03-28 17:49:00 | TRACE | Condition OnEnabledGlobalFilter on org.springframework.cloud.gateway.config.GatewayAutoConfiguration#forwardPathFilter matched
2025-03-28 17:49:00 | TRACE | Condition OnEnabledGlobalFilter on org.springframework.cloud.gateway.config.GatewayAutoConfiguration#webSocketService matched
2025-03-28 17:49:00 | TRACE | Condition OnEnabledGlobalFilter on org.springframework.cloud.gateway.config.GatewayAutoConfiguration#websocketRoutingFilter matched
2025-03-28 17:49:00 | TRACE | Condition OnEnabledPredicate on org.springframework.cloud.gateway.config.GatewayAutoConfiguration#weightCalculatorWebFilter matched
2025-03-28 17:49:00 | TRACE | Condition OnEnabledPredicate on org.springframework.cloud.gateway.config.GatewayAutoConfiguration#afterRoutePredicateFactory matched
2025-03-28 17:49:00 | TRACE | Condition OnEnabledPredicate on org.springframework.cloud.gateway.config.GatewayAutoConfiguration#beforeRoutePredicateFactory matched
2025-03-28 17:49:00 | TRACE | Condition OnEnabledPredicate on org.springframework.cloud.gateway.config.GatewayAutoConfiguration#betweenRoutePredicateFactory matched
2025-03-28 17:49:01 | TRACE | Condition OnEnabledPredicate on org.springframework.cloud.gateway.config.GatewayAutoConfiguration#cookieRoutePredicateFactory matched
2025-03-28 17:49:01 | TRACE | Condition OnEnabledPredicate on org.springframework.cloud.gateway.config.GatewayAutoConfiguration#headerRoutePredicateFactory matched
2025-03-28 17:49:01 | TRACE | Condition OnEnabledPredicate on org.springframework.cloud.gateway.config.GatewayAutoConfiguration#hostRoutePredicateFactory matched
2025-03-28 17:49:01 | TRACE | Condition OnEnabledPredicate on org.springframework.cloud.gateway.config.GatewayAutoConfiguration#methodRoutePredicateFactory matched
2025-03-28 17:49:01 | TRACE | Condition OnEnabledPredicate on org.springframework.cloud.gateway.config.GatewayAutoConfiguration#pathRoutePredicateFactory matched
2025-03-28 17:49:01 | TRACE | Condition OnEnabledPredicate on org.springframework.cloud.gateway.config.GatewayAutoConfiguration#queryRoutePredicateFactory matched
2025-03-28 17:49:01 | TRACE | Condition OnEnabledPredicate on org.springframework.cloud.gateway.config.GatewayAutoConfiguration#readBodyPredicateFactory matched
2025-03-28 17:49:01 | TRACE | Condition OnEnabledPredicate on org.springframework.cloud.gateway.config.GatewayAutoConfiguration#remoteAddrRoutePredicateFactory matched
2025-03-28 17:49:01 | TRACE | Condition OnEnabledPredicate on org.springframework.cloud.gateway.config.GatewayAutoConfiguration#xForwardedRemoteAddrRoutePredicateFactory matched
2025-03-28 17:49:01 | TRACE | Condition OnEnabledPredicate on org.springframework.cloud.gateway.config.GatewayAutoConfiguration#weightRoutePredicateFactory matched
2025-03-28 17:49:01 | TRACE | Condition OnEnabledPredicate on org.springframework.cloud.gateway.config.GatewayAutoConfiguration#cloudFoundryRouteServiceRoutePredicateFactory matched
2025-03-28 17:49:01 | TRACE | Condition OnEnabledFilter on org.springframework.cloud.gateway.config.GatewayAutoConfiguration#addRequestHeaderGatewayFilterFactory matched
2025-03-28 17:49:01 | TRACE | Condition OnEnabledFilter on org.springframework.cloud.gateway.config.GatewayAutoConfiguration#addRequestHeadersIfNotPresentGatewayFilterFactory matched
2025-03-28 17:49:01 | TRACE | Condition OnEnabledFilter on org.springframework.cloud.gateway.config.GatewayAutoConfiguration#mapRequestHeaderGatewayFilterFactory matched
2025-03-28 17:49:01 | TRACE | Condition OnEnabledFilter on org.springframework.cloud.gateway.config.GatewayAutoConfiguration#addRequestParameterGatewayFilterFactory matched
2025-03-28 17:49:01 | TRACE | Condition OnEnabledFilter on org.springframework.cloud.gateway.config.GatewayAutoConfiguration#addResponseHeaderGatewayFilterFactory matched
2025-03-28 17:49:01 | TRACE | Condition OnEnabledFilter on org.springframework.cloud.gateway.config.GatewayAutoConfiguration#modifyRequestBodyGatewayFilterFactory matched
2025-03-28 17:49:01 | TRACE | Condition OnEnabledFilter on org.springframework.cloud.gateway.config.GatewayAutoConfiguration#dedupeResponseHeaderGatewayFilterFactory matched
2025-03-28 17:49:01 | TRACE | Condition OnEnabledFilter on org.springframework.cloud.gateway.config.GatewayAutoConfiguration#modifyResponseBodyGatewayFilterFactory matched
2025-03-28 17:49:01 | TRACE | Condition OnEnabledFilter on org.springframework.cloud.gateway.config.GatewayAutoConfiguration#cacheRequestBodyGatewayFilterFactory matched
2025-03-28 17:49:01 | TRACE | Condition OnEnabledFilter on org.springframework.cloud.gateway.config.GatewayAutoConfiguration#prefixPathGatewayFilterFactory matched
2025-03-28 17:49:01 | TRACE | Condition OnEnabledFilter on org.springframework.cloud.gateway.config.GatewayAutoConfiguration#preserveHostHeaderGatewayFilterFactory matched
2025-03-28 17:49:01 | TRACE | Condition OnEnabledFilter on org.springframework.cloud.gateway.config.GatewayAutoConfiguration#redirectToGatewayFilterFactory matched
2025-03-28 17:49:01 | TRACE | Condition OnEnabledFilter on org.springframework.cloud.gateway.config.GatewayAutoConfiguration#removeJsonAttributesResponseBodyGatewayFilterFactory matched
2025-03-28 17:49:01 | TRACE | Condition OnEnabledFilter on org.springframework.cloud.gateway.config.GatewayAutoConfiguration#removeRequestHeaderGatewayFilterFactory matched
2025-03-28 17:49:01 | TRACE | Condition OnEnabledFilter on org.springframework.cloud.gateway.config.GatewayAutoConfiguration#removeRequestParameterGatewayFilterFactory matched
2025-03-28 17:49:01 | TRACE | Condition OnEnabledFilter on org.springframework.cloud.gateway.config.GatewayAutoConfiguration#removeResponseHeaderGatewayFilterFactory matched
2025-03-28 17:49:01 | TRACE | Condition OnEnabledFilter on org.springframework.cloud.gateway.config.GatewayAutoConfiguration#principalNameKeyResolver matched
2025-03-28 17:49:01 | TRACE | Condition OnEnabledFilter on org.springframework.cloud.gateway.config.GatewayAutoConfiguration#requestRateLimiterGatewayFilterFactory matched
2025-03-28 17:49:01 | TRACE | Condition OnEnabledFilter on org.springframework.cloud.gateway.config.GatewayAutoConfiguration#rewritePathGatewayFilterFactory matched
2025-03-28 17:49:01 | TRACE | Condition OnEnabledFilter on org.springframework.cloud.gateway.config.GatewayAutoConfiguration#retryGatewayFilterFactory matched
2025-03-28 17:49:01 | TRACE | Condition OnEnabledFilter on org.springframework.cloud.gateway.config.GatewayAutoConfiguration#setPathGatewayFilterFactory matched
2025-03-28 17:49:01 | TRACE | Condition OnEnabledFilter on org.springframework.cloud.gateway.config.GatewayAutoConfiguration#secureHeadersGatewayFilterFactory matched
2025-03-28 17:49:01 | TRACE | Condition OnEnabledFilter on org.springframework.cloud.gateway.config.GatewayAutoConfiguration#setRequestHeaderGatewayFilterFactory matched
2025-03-28 17:49:01 | TRACE | Condition OnEnabledFilter on org.springframework.cloud.gateway.config.GatewayAutoConfiguration#setRequestHostHeaderGatewayFilterFactory matched
2025-03-28 17:49:01 | TRACE | Condition OnEnabledFilter on org.springframework.cloud.gateway.config.GatewayAutoConfiguration#setResponseHeaderGatewayFilterFactory matched
2025-03-28 17:49:01 | TRACE | Condition OnEnabledFilter on org.springframework.cloud.gateway.config.GatewayAutoConfiguration#rewriteResponseHeaderGatewayFilterFactory matched
2025-03-28 17:49:01 | TRACE | Condition OnEnabledFilter on org.springframework.cloud.gateway.config.GatewayAutoConfiguration#rewriteLocationResponseHeaderGatewayFilterFactory matched
2025-03-28 17:49:01 | TRACE | Condition OnEnabledFilter on org.springframework.cloud.gateway.config.GatewayAutoConfiguration#setStatusGatewayFilterFactory matched
2025-03-28 17:49:01 | TRACE | Condition OnEnabledFilter on org.springframework.cloud.gateway.config.GatewayAutoConfiguration#saveSessionGatewayFilterFactory matched
2025-03-28 17:49:01 | TRACE | Condition OnEnabledFilter on org.springframework.cloud.gateway.config.GatewayAutoConfiguration#stripPrefixGatewayFilterFactory matched
2025-03-28 17:49:01 | TRACE | Condition OnEnabledFilter on org.springframework.cloud.gateway.config.GatewayAutoConfiguration#requestHeaderToRequestUriGatewayFilterFactory matched
2025-03-28 17:49:01 | TRACE | Condition OnEnabledFilter on org.springframework.cloud.gateway.config.GatewayAutoConfiguration#requestSizeGatewayFilterFactory matched
2025-03-28 17:49:01 | TRACE | Condition OnEnabledFilter on org.springframework.cloud.gateway.config.GatewayAutoConfiguration#requestHeaderSizeGatewayFilterFactory matched
2025-03-28 17:49:01 | TRACE | Condition OnEnabledFilter on org.springframework.cloud.gateway.config.GatewayAutoConfiguration#rewriteRequestParameterGatewayFilterFactory matched
2025-03-28 17:49:03 | INFO  | Multiple Spring Data modules found, entering strict repository configuration mode
2025-03-28 17:49:03 | INFO  | Bootstrapping Spring Data Redis repositories in DEFAULT mode.
2025-03-28 17:49:03 | INFO  | Finished Spring Data repository scanning in 94 ms. Found 0 Redis repository interfaces.
2025-03-28 17:49:07 | INFO  | BeanFactory id=1d85e62e-4bd2-3e9e-b155-5b7fdce24315
2025-03-28 17:49:08 | DEBUG | Starting with netty's non-blocking DNS resolver library
2025-03-28 17:49:09 | DEBUG | Starting without optional kqueue library
2025-03-28 17:49:09 | DEBUG | Starting without optional io_uring library
2025-03-28 17:49:09 | DEBUG | Starting without optional epoll library
2025-03-28 17:49:09 | DEBUG | -Dio.netty.eventLoopThreads: 4
2025-03-28 17:49:09 | DEBUG | Creating executor io.netty.util.concurrent.DefaultEventExecutorGroup
2025-03-28 17:49:09 | DEBUG | Starting with JFR support
2025-03-28 17:49:11 | INFO  | 

Using generated security password: eb251d6a-f512-41e9-81c3-f23c5b60e0fd

2025-03-28 17:49:16 | DEBUG | Routes supplied from Gateway Properties: [RouteDefinition{id='user-service-route', predicates=[PredicateDefinition{name='Path', args={_genkey_0=/users/**}}], filters=[], uri=http://localhost:8081, order=0, metadata={}, enabled=true}, RouteDefinition{id='wallet-service-route', predicates=[PredicateDefinition{name='Path', args={_genkey_0=/wallets/**}}], filters=[], uri=http://localhost:8082, order=0, metadata={}, enabled=true}, RouteDefinition{id='account-service-route', predicates=[PredicateDefinition{name='Path', args={_genkey_0=/accounts/**}}], filters=[], uri=http://account-service:8083, order=0, metadata={}, enabled=true}, RouteDefinition{id='trading-service-route', predicates=[PredicateDefinition{name='Path', args={_genkey_0=/trading/**}}], filters=[], uri=http://trading-service:8084, order=0, metadata={}, enabled=true}]
2025-03-28 17:49:17 | INFO  | Loaded RoutePredicateFactory [After]
2025-03-28 17:49:17 | INFO  | Loaded RoutePredicateFactory [Before]
2025-03-28 17:49:17 | INFO  | Loaded RoutePredicateFactory [Between]
2025-03-28 17:49:17 | INFO  | Loaded RoutePredicateFactory [Cookie]
2025-03-28 17:49:17 | INFO  | Loaded RoutePredicateFactory [Header]
2025-03-28 17:49:17 | INFO  | Loaded RoutePredicateFactory [Host]
2025-03-28 17:49:17 | INFO  | Loaded RoutePredicateFactory [Method]
2025-03-28 17:49:17 | INFO  | Loaded RoutePredicateFactory [Path]
2025-03-28 17:49:17 | INFO  | Loaded RoutePredicateFactory [Query]
2025-03-28 17:49:17 | INFO  | Loaded RoutePredicateFactory [ReadBody]
2025-03-28 17:49:17 | INFO  | Loaded RoutePredicateFactory [RemoteAddr]
2025-03-28 17:49:17 | INFO  | Loaded RoutePredicateFactory [XForwardedRemoteAddr]
2025-03-28 17:49:17 | INFO  | Loaded RoutePredicateFactory [Weight]
2025-03-28 17:49:17 | INFO  | Loaded RoutePredicateFactory [CloudFoundryRouteService]
2025-03-28 17:49:18 | INFO  | Exposing 2 endpoints beneath base path '/actuator'
2025-03-28 17:49:20 | DEBUG | Starting RedisMessageListenerContainer...
2025-03-28 17:49:20 | DEBUG | Postpone listening for Redis messages until actual listeners are added
2025-03-28 17:49:20 | DEBUG | RouteDefinition user-service-route applying {_genkey_0=/users/**} to Path
2025-03-28 17:49:21 | DEBUG | RouteDefinition matched: user-service-route
2025-03-28 17:49:21 | DEBUG | RouteDefinition wallet-service-route applying {_genkey_0=/wallets/**} to Path
2025-03-28 17:49:21 | DEBUG | RouteDefinition matched: wallet-service-route
2025-03-28 17:49:21 | DEBUG | RouteDefinition account-service-route applying {_genkey_0=/accounts/**} to Path
2025-03-28 17:49:21 | DEBUG | RouteDefinition matched: account-service-route
2025-03-28 17:49:21 | DEBUG | RouteDefinition trading-service-route applying {_genkey_0=/trading/**} to Path
2025-03-28 17:49:21 | DEBUG | RouteDefinition matched: trading-service-route
2025-03-28 17:49:21 | DEBUG | New routes count: 4
2025-03-28 17:49:21 | INFO  | Started ApiGatewayApplicationTests in 28.752 seconds (process running for 39.185)
2025-03-28 17:49:25 | DEBUG | Stopped RedisMessageListenerContainer
2025-03-28 17:49:25 | DEBUG | Initiate shutdown (0, 100, MILLISECONDS)
2025-03-28 17:49:25 | DEBUG | Initiate shutdown (0, 100, MILLISECONDS)
2025-03-28 17:49:25 | DEBUG | Initiate shutdown (0, 100, MILLISECONDS)
