2025-03-29 16:56:58 | INFO  | HV000001: Hibernate Validator 8.0.2.Final
2025-03-29 16:56:59 | INFO  | Starting ApiGatewayApplicationTests using Java 22.0.2 with PID 21252 (started by hiepg in D:\Code\Big Apps\Hybrid-Blockchain-Based-Stock-Trading-Platform-with-Arbitrage-Bot\BE\API-gateway)
2025-03-29 16:56:59 | DEBUG | Running with Spring Boot v3.4.3, Spring v6.2.3
2025-03-29 16:56:59 | INFO  | The following 1 profile is active: "docker"
2025-03-29 16:57:02 | TRACE | Condition GatewayAutoConfiguration.OnVerboseDisabledCondition on org.springframework.cloud.gateway.config.GatewayAutoConfiguration$GatewayActuatorConfiguration#gatewayLegacyControllerEndpoint did not match due to NoneNestedConditions 1 matched 0 did not; NestedCondition on GatewayAutoConfiguration.OnVerboseDisabledCondition.VerboseDisabled @ConditionalOnProperty (spring.cloud.gateway.actuator.verbose.enabled) matched
2025-03-29 16:57:02 | TRACE | Condition OnEnabledGlobalFilter on org.springframework.cloud.gateway.config.GatewayAutoConfiguration$NettyConfiguration#routingFilter matched
2025-03-29 16:57:02 | TRACE | Condition OnEnabledGlobalFilter on org.springframework.cloud.gateway.config.GatewayAutoConfiguration$NettyConfiguration#nettyWriteResponseFilter matched
2025-03-29 16:57:02 | TRACE | Condition OnEnabledGlobalFilter on org.springframework.cloud.gateway.config.GatewayAutoConfiguration$NettyConfiguration#reactorNettyWebSocketClient matched
2025-03-29 16:57:02 | TRACE | Condition OnEnabledGlobalFilter on org.springframework.cloud.gateway.config.GatewayAutoConfiguration$NettyConfiguration#reactorNettyRequestUpgradeStrategy matched
2025-03-29 16:57:02 | TRACE | Condition OnEnabledGlobalFilter on org.springframework.cloud.gateway.config.GatewayAutoConfiguration#adaptCachedBodyGlobalFilter matched
2025-03-29 16:57:02 | TRACE | Condition OnEnabledGlobalFilter on org.springframework.cloud.gateway.config.GatewayAutoConfiguration#removeCachedBodyFilter matched
2025-03-29 16:57:02 | TRACE | Condition OnEnabledGlobalFilter on org.springframework.cloud.gateway.config.GatewayAutoConfiguration#routeToRequestUrlFilter matched
2025-03-29 16:57:02 | TRACE | Condition OnEnabledGlobalFilter on org.springframework.cloud.gateway.config.GatewayAutoConfiguration#forwardRoutingFilter matched
2025-03-29 16:57:02 | TRACE | Condition OnEnabledGlobalFilter on org.springframework.cloud.gateway.config.GatewayAutoConfiguration#forwardPathFilter matched
2025-03-29 16:57:02 | TRACE | Condition OnEnabledGlobalFilter on org.springframework.cloud.gateway.config.GatewayAutoConfiguration#webSocketService matched
2025-03-29 16:57:02 | TRACE | Condition OnEnabledGlobalFilter on org.springframework.cloud.gateway.config.GatewayAutoConfiguration#websocketRoutingFilter matched
2025-03-29 16:57:02 | TRACE | Condition OnEnabledPredicate on org.springframework.cloud.gateway.config.GatewayAutoConfiguration#weightCalculatorWebFilter matched
2025-03-29 16:57:02 | TRACE | Condition OnEnabledPredicate on org.springframework.cloud.gateway.config.GatewayAutoConfiguration#afterRoutePredicateFactory matched
2025-03-29 16:57:02 | TRACE | Condition OnEnabledPredicate on org.springframework.cloud.gateway.config.GatewayAutoConfiguration#beforeRoutePredicateFactory matched
2025-03-29 16:57:02 | TRACE | Condition OnEnabledPredicate on org.springframework.cloud.gateway.config.GatewayAutoConfiguration#betweenRoutePredicateFactory matched
2025-03-29 16:57:02 | TRACE | Condition OnEnabledPredicate on org.springframework.cloud.gateway.config.GatewayAutoConfiguration#cookieRoutePredicateFactory matched
2025-03-29 16:57:02 | TRACE | Condition OnEnabledPredicate on org.springframework.cloud.gateway.config.GatewayAutoConfiguration#headerRoutePredicateFactory matched
2025-03-29 16:57:02 | TRACE | Condition OnEnabledPredicate on org.springframework.cloud.gateway.config.GatewayAutoConfiguration#hostRoutePredicateFactory matched
2025-03-29 16:57:02 | TRACE | Condition OnEnabledPredicate on org.springframework.cloud.gateway.config.GatewayAutoConfiguration#methodRoutePredicateFactory matched
2025-03-29 16:57:02 | TRACE | Condition OnEnabledPredicate on org.springframework.cloud.gateway.config.GatewayAutoConfiguration#pathRoutePredicateFactory matched
2025-03-29 16:57:02 | TRACE | Condition OnEnabledPredicate on org.springframework.cloud.gateway.config.GatewayAutoConfiguration#queryRoutePredicateFactory matched
2025-03-29 16:57:02 | TRACE | Condition OnEnabledPredicate on org.springframework.cloud.gateway.config.GatewayAutoConfiguration#readBodyPredicateFactory matched
2025-03-29 16:57:02 | TRACE | Condition OnEnabledPredicate on org.springframework.cloud.gateway.config.GatewayAutoConfiguration#remoteAddrRoutePredicateFactory matched
2025-03-29 16:57:02 | TRACE | Condition OnEnabledPredicate on org.springframework.cloud.gateway.config.GatewayAutoConfiguration#xForwardedRemoteAddrRoutePredicateFactory matched
2025-03-29 16:57:02 | TRACE | Condition OnEnabledPredicate on org.springframework.cloud.gateway.config.GatewayAutoConfiguration#weightRoutePredicateFactory matched
2025-03-29 16:57:02 | TRACE | Condition OnEnabledPredicate on org.springframework.cloud.gateway.config.GatewayAutoConfiguration#cloudFoundryRouteServiceRoutePredicateFactory matched
2025-03-29 16:57:02 | TRACE | Condition OnEnabledFilter on org.springframework.cloud.gateway.config.GatewayAutoConfiguration#addRequestHeaderGatewayFilterFactory matched
2025-03-29 16:57:02 | TRACE | Condition OnEnabledFilter on org.springframework.cloud.gateway.config.GatewayAutoConfiguration#addRequestHeadersIfNotPresentGatewayFilterFactory matched
2025-03-29 16:57:02 | TRACE | Condition OnEnabledFilter on org.springframework.cloud.gateway.config.GatewayAutoConfiguration#mapRequestHeaderGatewayFilterFactory matched
2025-03-29 16:57:02 | TRACE | Condition OnEnabledFilter on org.springframework.cloud.gateway.config.GatewayAutoConfiguration#addRequestParameterGatewayFilterFactory matched
2025-03-29 16:57:02 | TRACE | Condition OnEnabledFilter on org.springframework.cloud.gateway.config.GatewayAutoConfiguration#addResponseHeaderGatewayFilterFactory matched
2025-03-29 16:57:02 | TRACE | Condition OnEnabledFilter on org.springframework.cloud.gateway.config.GatewayAutoConfiguration#modifyRequestBodyGatewayFilterFactory matched
2025-03-29 16:57:02 | TRACE | Condition OnEnabledFilter on org.springframework.cloud.gateway.config.GatewayAutoConfiguration#dedupeResponseHeaderGatewayFilterFactory matched
2025-03-29 16:57:02 | TRACE | Condition OnEnabledFilter on org.springframework.cloud.gateway.config.GatewayAutoConfiguration#modifyResponseBodyGatewayFilterFactory matched
2025-03-29 16:57:02 | TRACE | Condition OnEnabledFilter on org.springframework.cloud.gateway.config.GatewayAutoConfiguration#cacheRequestBodyGatewayFilterFactory matched
2025-03-29 16:57:02 | TRACE | Condition OnEnabledFilter on org.springframework.cloud.gateway.config.GatewayAutoConfiguration#prefixPathGatewayFilterFactory matched
2025-03-29 16:57:02 | TRACE | Condition OnEnabledFilter on org.springframework.cloud.gateway.config.GatewayAutoConfiguration#preserveHostHeaderGatewayFilterFactory matched
2025-03-29 16:57:02 | TRACE | Condition OnEnabledFilter on org.springframework.cloud.gateway.config.GatewayAutoConfiguration#redirectToGatewayFilterFactory matched
2025-03-29 16:57:02 | TRACE | Condition OnEnabledFilter on org.springframework.cloud.gateway.config.GatewayAutoConfiguration#removeJsonAttributesResponseBodyGatewayFilterFactory matched
2025-03-29 16:57:02 | TRACE | Condition OnEnabledFilter on org.springframework.cloud.gateway.config.GatewayAutoConfiguration#removeRequestHeaderGatewayFilterFactory matched
2025-03-29 16:57:02 | TRACE | Condition OnEnabledFilter on org.springframework.cloud.gateway.config.GatewayAutoConfiguration#removeRequestParameterGatewayFilterFactory matched
2025-03-29 16:57:02 | TRACE | Condition OnEnabledFilter on org.springframework.cloud.gateway.config.GatewayAutoConfiguration#removeResponseHeaderGatewayFilterFactory matched
2025-03-29 16:57:02 | TRACE | Condition OnEnabledFilter on org.springframework.cloud.gateway.config.GatewayAutoConfiguration#principalNameKeyResolver matched
2025-03-29 16:57:02 | TRACE | Condition OnEnabledFilter on org.springframework.cloud.gateway.config.GatewayAutoConfiguration#requestRateLimiterGatewayFilterFactory matched
2025-03-29 16:57:02 | TRACE | Condition OnEnabledFilter on org.springframework.cloud.gateway.config.GatewayAutoConfiguration#rewritePathGatewayFilterFactory matched
2025-03-29 16:57:02 | TRACE | Condition OnEnabledFilter on org.springframework.cloud.gateway.config.GatewayAutoConfiguration#retryGatewayFilterFactory matched
2025-03-29 16:57:02 | TRACE | Condition OnEnabledFilter on org.springframework.cloud.gateway.config.GatewayAutoConfiguration#setPathGatewayFilterFactory matched
2025-03-29 16:57:02 | TRACE | Condition OnEnabledFilter on org.springframework.cloud.gateway.config.GatewayAutoConfiguration#secureHeadersGatewayFilterFactory matched
2025-03-29 16:57:02 | TRACE | Condition OnEnabledFilter on org.springframework.cloud.gateway.config.GatewayAutoConfiguration#setRequestHeaderGatewayFilterFactory matched
2025-03-29 16:57:02 | TRACE | Condition OnEnabledFilter on org.springframework.cloud.gateway.config.GatewayAutoConfiguration#setRequestHostHeaderGatewayFilterFactory matched
2025-03-29 16:57:03 | TRACE | Condition OnEnabledFilter on org.springframework.cloud.gateway.config.GatewayAutoConfiguration#setResponseHeaderGatewayFilterFactory matched
2025-03-29 16:57:03 | TRACE | Condition OnEnabledFilter on org.springframework.cloud.gateway.config.GatewayAutoConfiguration#rewriteResponseHeaderGatewayFilterFactory matched
2025-03-29 16:57:03 | TRACE | Condition OnEnabledFilter on org.springframework.cloud.gateway.config.GatewayAutoConfiguration#rewriteLocationResponseHeaderGatewayFilterFactory matched
2025-03-29 16:57:03 | TRACE | Condition OnEnabledFilter on org.springframework.cloud.gateway.config.GatewayAutoConfiguration#setStatusGatewayFilterFactory matched
2025-03-29 16:57:03 | TRACE | Condition OnEnabledFilter on org.springframework.cloud.gateway.config.GatewayAutoConfiguration#saveSessionGatewayFilterFactory matched
2025-03-29 16:57:03 | TRACE | Condition OnEnabledFilter on org.springframework.cloud.gateway.config.GatewayAutoConfiguration#stripPrefixGatewayFilterFactory matched
2025-03-29 16:57:03 | TRACE | Condition OnEnabledFilter on org.springframework.cloud.gateway.config.GatewayAutoConfiguration#requestHeaderToRequestUriGatewayFilterFactory matched
2025-03-29 16:57:03 | TRACE | Condition OnEnabledFilter on org.springframework.cloud.gateway.config.GatewayAutoConfiguration#requestSizeGatewayFilterFactory matched
2025-03-29 16:57:03 | TRACE | Condition OnEnabledFilter on org.springframework.cloud.gateway.config.GatewayAutoConfiguration#requestHeaderSizeGatewayFilterFactory matched
2025-03-29 16:57:03 | TRACE | Condition OnEnabledFilter on org.springframework.cloud.gateway.config.GatewayAutoConfiguration#rewriteRequestParameterGatewayFilterFactory matched
2025-03-29 16:57:03 | INFO  | Multiple Spring Data modules found, entering strict repository configuration mode
2025-03-29 16:57:03 | INFO  | Bootstrapping Spring Data Redis repositories in DEFAULT mode.
2025-03-29 16:57:03 | INFO  | Finished Spring Data repository scanning in 71 ms. Found 0 Redis repository interfaces.
2025-03-29 16:57:04 | INFO  | BeanFactory id=4817b26f-0649-3d13-ba24-375df3394a36
2025-03-29 16:57:07 | INFO  | 

Using generated security password: 6ad8e50f-a3a0-43bb-8ef6-656036f96eb3

2025-03-29 16:57:10 | DEBUG | Routes supplied from Gateway Properties: [RouteDefinition{id='user-service-route', predicates=[PredicateDefinition{name='Path', args={_genkey_0=/users/**}}], filters=[], uri=http://user-service:8081, order=0, metadata={}, enabled=true}, RouteDefinition{id='wallet-service-route', predicates=[PredicateDefinition{name='Path', args={_genkey_0=/wallets/**}}], filters=[], uri=http://wallet-service:8082, order=0, metadata={}, enabled=true}, RouteDefinition{id='account-service-route', predicates=[PredicateDefinition{name='Path', args={_genkey_0=/accounts/**}}], filters=[], uri=http://account-service:8083, order=0, metadata={}, enabled=true}, RouteDefinition{id='trading-service-route', predicates=[PredicateDefinition{name='Path', args={_genkey_0=/trading/**}}], filters=[], uri=http://trading-service:8084, order=0, metadata={}, enabled=true}]
2025-03-29 16:57:11 | INFO  | Loaded RoutePredicateFactory [After]
2025-03-29 16:57:11 | INFO  | Loaded RoutePredicateFactory [Before]
2025-03-29 16:57:11 | INFO  | Loaded RoutePredicateFactory [Between]
2025-03-29 16:57:11 | INFO  | Loaded RoutePredicateFactory [Cookie]
2025-03-29 16:57:11 | INFO  | Loaded RoutePredicateFactory [Header]
2025-03-29 16:57:11 | INFO  | Loaded RoutePredicateFactory [Host]
2025-03-29 16:57:11 | INFO  | Loaded RoutePredicateFactory [Method]
2025-03-29 16:57:11 | INFO  | Loaded RoutePredicateFactory [Path]
2025-03-29 16:57:11 | INFO  | Loaded RoutePredicateFactory [Query]
2025-03-29 16:57:11 | INFO  | Loaded RoutePredicateFactory [ReadBody]
2025-03-29 16:57:11 | INFO  | Loaded RoutePredicateFactory [RemoteAddr]
2025-03-29 16:57:11 | INFO  | Loaded RoutePredicateFactory [XForwardedRemoteAddr]
2025-03-29 16:57:11 | INFO  | Loaded RoutePredicateFactory [Weight]
2025-03-29 16:57:11 | INFO  | Loaded RoutePredicateFactory [CloudFoundryRouteService]
2025-03-29 16:57:13 | INFO  | Exposing 1 endpoint beneath base path '/actuator'
2025-03-29 16:57:16 | DEBUG | RouteDefinition user-service-route applying {_genkey_0=/users/**} to Path
2025-03-29 16:57:16 | DEBUG | RouteDefinition matched: user-service-route
2025-03-29 16:57:16 | DEBUG | RouteDefinition wallet-service-route applying {_genkey_0=/wallets/**} to Path
2025-03-29 16:57:16 | DEBUG | RouteDefinition matched: wallet-service-route
2025-03-29 16:57:16 | DEBUG | RouteDefinition account-service-route applying {_genkey_0=/accounts/**} to Path
2025-03-29 16:57:16 | DEBUG | RouteDefinition matched: account-service-route
2025-03-29 16:57:16 | DEBUG | RouteDefinition trading-service-route applying {_genkey_0=/trading/**} to Path
2025-03-29 16:57:16 | DEBUG | RouteDefinition matched: trading-service-route
2025-03-29 16:57:16 | DEBUG | New routes count: 4
2025-03-29 16:57:16 | INFO  | Started ApiGatewayApplicationTests in 21.957 seconds (process running for 26.702)
